c:\users\90542\source\repos\helloworld\helloworld\x64\debug\vc143.pdb
c:\users\90542\source\repos\helloworld\helloworld\x64\debug\vc143.idb
c:\users\90542\source\repos\helloworld\helloworld\x64\debug\space.obj
c:\users\90542\source\repos\helloworld\helloworld\x64\debug\roster.obj
c:\users\90542\source\repos\helloworld\helloworld\x64\debug\opicpp.obj
c:\users\90542\source\repos\helloworld\helloworld\x64\debug\myclass.obj
c:\users\90542\source\repos\helloworld\helloworld\x64\debug\meetup.obj
c:\users\90542\source\repos\helloworld\helloworld\x64\debug\helloworldtests.obj
c:\users\90542\source\repos\helloworld\helloworld\x64\debug\helloworld.obj
c:\users\90542\source\repos\helloworld\helloworld\x64\debug\glparser.obj
c:\users\90542\source\repos\helloworld\helloworld\x64\debug\food.obj
c:\users\90542\source\repos\helloworld\helloworld\x64\debug\delay.obj
c:\users\90542\source\repos\helloworld\helloworld\x64\debug\clock_exercism.obj
c:\users\90542\source\repos\helloworld\helloworld\x64\debug\clock.obj
c:\users\90542\source\repos\helloworld\helloworld\x64\debug\circular_buffer.obj
c:\users\90542\source\repos\helloworld\helloworld\x64\debug\bank_account_move.obj
c:\users\90542\source\repos\helloworld\helloworld\x64\debug\bank_account_cgpt.obj
c:\users\90542\source\repos\helloworld\helloworld\x64\debug\bank_account.obj
c:\users\90542\source\repos\helloworld\helloworld\x64\debug\autosar.obj
c:\users\90542\source\repos\helloworld\helloworld\x64\debug\helloworld.obj.enc
c:\users\90542\source\repos\helloworld\x64\debug\helloworld.pdb
c:\users\90542\source\repos\helloworld\helloworld\x64\debug\helloworld.tlog\cl.command.1.tlog
c:\users\90542\source\repos\helloworld\helloworld\x64\debug\helloworld.tlog\cl.read.1.tlog
c:\users\90542\source\repos\helloworld\helloworld\x64\debug\helloworld.tlog\cl.write.1.tlog
c:\users\90542\source\repos\helloworld\helloworld\x64\debug\helloworld.tlog\link.command.1.tlog
c:\users\90542\source\repos\helloworld\helloworld\x64\debug\helloworld.tlog\link.read.1.tlog
c:\users\90542\source\repos\helloworld\helloworld\x64\debug\helloworld.tlog\link.read.2.tlog
c:\users\90542\source\repos\helloworld\helloworld\x64\debug\helloworld.tlog\link.write.1.tlog
